CTK UI log initialized.
2025-11-07 20:35:55,749 [INFO] CTK UI 初始化  yoho, america ya!, here is new log beginning
2025-11-07 20:35:55,750 [INFO] 以下為日誌輸出測試
2025-11-07 20:35:55,751 [DEBUG] 這是debug信息，通常用於開發時排錯
2025-11-07 20:35:55,751 [INFO] 這是info信息，一般運行時輸出
2025-11-07 20:35:55,751 [WARNING] 這是warning警告
2025-11-07 20:35:55,751 [ERROR] 這是error錯誤
2025-11-07 20:35:55,751 [CRITICAL] 這是critical嚴重錯誤
2025-11-07 20:35:55,752 [INFO] 啟動 UI...
2025-11-07 20:35:58,306 [DEBUG] Importing AvifImagePlugin
2025-11-07 20:36:00,557 [DEBUG] Importing BlpImagePlugin
2025-11-07 20:36:00,562 [DEBUG] Importing BmpImagePlugin
2025-11-07 20:36:00,563 [DEBUG] Importing BufrStubImagePlugin
2025-11-07 20:36:00,567 [DEBUG] Importing CurImagePlugin
2025-11-07 20:36:00,572 [DEBUG] Importing DcxImagePlugin
2025-11-07 20:36:00,582 [DEBUG] Importing DdsImagePlugin
2025-11-07 20:36:00,589 [DEBUG] Importing EpsImagePlugin
2025-11-07 20:36:00,594 [DEBUG] Importing FitsImagePlugin
2025-11-07 20:36:00,607 [DEBUG] Importing FliImagePlugin
2025-11-07 20:36:00,612 [DEBUG] Importing FpxImagePlugin
2025-11-07 20:36:00,617 [DEBUG] Image: failed to import FpxImagePlugin: No module named 'olefile'
2025-11-07 20:36:00,617 [DEBUG] Importing FtexImagePlugin
2025-11-07 20:36:00,622 [DEBUG] Importing GbrImagePlugin
2025-11-07 20:36:00,626 [DEBUG] Importing GifImagePlugin
2025-11-07 20:36:00,626 [DEBUG] Importing GribStubImagePlugin
2025-11-07 20:36:00,632 [DEBUG] Importing Hdf5StubImagePlugin
2025-11-07 20:36:00,636 [DEBUG] Importing IcnsImagePlugin
2025-11-07 20:36:00,649 [DEBUG] Importing IcoImagePlugin
2025-11-07 20:36:00,653 [DEBUG] Importing ImImagePlugin
2025-11-07 20:36:00,658 [DEBUG] Importing ImtImagePlugin
2025-11-07 20:36:00,662 [DEBUG] Importing IptcImagePlugin
2025-11-07 20:36:00,666 [DEBUG] Importing JpegImagePlugin
2025-11-07 20:36:00,666 [DEBUG] Importing Jpeg2KImagePlugin
2025-11-07 20:36:00,666 [DEBUG] Importing McIdasImagePlugin
2025-11-07 20:36:00,671 [DEBUG] Importing MicImagePlugin
2025-11-07 20:36:00,677 [DEBUG] Image: failed to import MicImagePlugin: No module named 'olefile'
2025-11-07 20:36:00,677 [DEBUG] Importing MpegImagePlugin
2025-11-07 20:36:00,686 [DEBUG] Importing MpoImagePlugin
2025-11-07 20:36:00,707 [DEBUG] Importing MspImagePlugin
2025-11-07 20:36:00,713 [DEBUG] Importing PalmImagePlugin
2025-11-07 20:36:00,719 [DEBUG] Importing PcdImagePlugin
2025-11-07 20:36:00,723 [DEBUG] Importing PcxImagePlugin
2025-11-07 20:36:00,723 [DEBUG] Importing PdfImagePlugin
2025-11-07 20:36:00,745 [DEBUG] Importing PixarImagePlugin
2025-11-07 20:36:00,750 [DEBUG] Importing PngImagePlugin
2025-11-07 20:36:00,750 [DEBUG] Importing PpmImagePlugin
2025-11-07 20:36:00,750 [DEBUG] Importing PsdImagePlugin
2025-11-07 20:36:00,756 [DEBUG] Importing QoiImagePlugin
2025-11-07 20:36:00,760 [DEBUG] Importing SgiImagePlugin
2025-11-07 20:36:00,764 [DEBUG] Importing SpiderImagePlugin
2025-11-07 20:36:00,768 [DEBUG] Importing SunImagePlugin
2025-11-07 20:36:00,772 [DEBUG] Importing TgaImagePlugin
2025-11-07 20:36:00,776 [DEBUG] Importing TiffImagePlugin
2025-11-07 20:36:00,776 [DEBUG] Importing WebPImagePlugin
2025-11-07 20:36:02,436 [DEBUG] Importing WmfImagePlugin
2025-11-07 20:36:02,442 [DEBUG] Importing XbmImagePlugin
2025-11-07 20:36:02,451 [DEBUG] Importing XpmImagePlugin
2025-11-07 20:36:02,458 [DEBUG] Importing XVThumbImagePlugin
2025-11-07 20:36:04,380 [DEBUG] STREAM b'IHDR' 16 13
2025-11-07 20:36:04,380 [DEBUG] STREAM b'IDAT' 41 4518973
2025-11-07 20:36:04,417 [DEBUG] STREAM b'eXIf' 4519026 14
2025-11-07 20:36:04,473 [DEBUG] STREAM b'IHDR' 16 13
2025-11-07 20:36:04,473 [DEBUG] STREAM b'PLTE' 41 399
2025-11-07 20:36:04,473 [DEBUG] STREAM b'tRNS' 452 78
2025-11-07 20:36:04,473 [DEBUG] STREAM b'IDAT' 542 1550
2025-11-07 20:36:04,875 [WARNING] [This is not an error message]你正在使用 UMCL 開發版：開發版包含一些實驗性新功能，較為不穩定。
2025-11-07 20:36:04,924 [INFO] UI 已開啟
2025-11-07 20:36:04,924 [INFO] UI 渲染時間: 9.172335500014015 秒
2025-11-07 20:36:07,485 [INFO] 帳戶按鈕被點擊！
2025-11-07 20:36:07,501 [DEBUG] STREAM b'IHDR' 16 13
2025-11-07 20:36:07,502 [DEBUG] STREAM b'IDAT' 41 32768
2025-11-07 20:36:07,515 [INFO] List all accounts.
2025-11-07 20:36:07,516 [INFO] Listing all accounts:
2025-11-07 20:36:07,516 [INFO] Total accounts: 1
2025-11-07 20:36:07,523 [DEBUG] STREAM b'IHDR' 16 13
2025-11-07 20:36:07,523 [DEBUG] STREAM b'PLTE' 41 399
2025-11-07 20:36:07,523 [DEBUG] STREAM b'tRNS' 452 78
2025-11-07 20:36:07,523 [DEBUG] STREAM b'IDAT' 542 1550
2025-11-07 20:36:08,004 [DEBUG] STREAM b'IHDR' 16 13
2025-11-07 20:36:08,004 [DEBUG] STREAM b'PLTE' 41 399
2025-11-07 20:36:08,004 [DEBUG] STREAM b'tRNS' 452 78
2025-11-07 20:36:08,004 [DEBUG] STREAM b'IDAT' 542 1550
